<?xml version="1.0" encoding="UTF-8"?>
<!-- Generated by org.testng.reporters.JUnitReportReporter -->
<testsuite skipped="0" hostname="DESKTOP" name="com.test.selenium.AllElements" tests="1" failures="0" timestamp="2021-03-11T21:37:12 IST" time="5.519" errors="0">
  <testcase name="completeWebForm" time="5.519" classname="com.test.selenium.AllElements"/>
  <system-out/>
</testsuite> <!-- com.test.selenium.AllElements -->
