<?xml version="1.0" encoding="UTF-8"?>
<!-- Generated by org.testng.reporters.JUnitReportReporter -->
<testsuite skipped="0" hostname="DESKTOP" name="com.test.selenium.AllElements" tests="1" failures="0" timestamp="2021-03-07T22:50:43 IST" time="6.509" errors="0">
  <testcase name="completeWebForm" time="6.509" classname="com.test.selenium.AllElements"/>
  <system-out/>
</testsuite> <!-- com.test.selenium.AllElements -->
